[0409/133353:WARNING:resource_bundle.cc(304)] locale_file_path.empty()
[0409/133353:ERROR:main_delegate.cc(564)] Could not load locale pak for en-US
[0409/133353:ERROR:main_delegate.cc(571)] Could not load cef.pak
[0409/133353:ERROR:main_delegate.cc(588)] Could not load cef_100_percent.pak
[0409/133353:WARNING:resource_bundle.cc(497)] locale resources are not loaded
[0409/133354:WARNING:resource_bundle.cc(304)] locale_file_path.empty()
[0409/133354:ERROR:main_delegate.cc(564)] Could not load locale pak for en-US
[0409/133354:ERROR:main_delegate.cc(571)] Could not load cef.pak
[0409/133354:ERROR:main_delegate.cc(588)] Could not load cef_100_percent.pak
[0409/133358:WARNING:resource_bundle.cc(304)] locale_file_path.empty()
[0409/133358:ERROR:main_delegate.cc(564)] Could not load locale pak for en-US
[0409/133358:ERROR:main_delegate.cc(571)] Could not load cef.pak
[0409/133358:ERROR:main_delegate.cc(588)] Could not load cef_100_percent.pak
[0409/133358:ERROR:renderer_main.cc(207)] Running without renderer sandbox
[0409/133410:WARNING:resource_bundle.cc(304)] locale_file_path.empty()
[0409/133410:ERROR:main_delegate.cc(564)] Could not load locale pak for en-US
[0409/133410:ERROR:main_delegate.cc(571)] Could not load cef.pak
[0409/133410:ERROR:main_delegate.cc(588)] Could not load cef_100_percent.pak
[0409/133410:WARNING:resource_bundle.cc(497)] locale resources are not loaded
[0409/133411:WARNING:resource_bundle.cc(304)] locale_file_path.empty()
[0409/133411:ERROR:main_delegate.cc(564)] Could not load locale pak for en-US
[0409/133411:ERROR:main_delegate.cc(571)] Could not load cef.pak
[0409/133411:ERROR:main_delegate.cc(588)] Could not load cef_100_percent.pak
[0409/133414:WARNING:resource_bundle.cc(304)] locale_file_path.empty()
[0409/133414:ERROR:main_delegate.cc(564)] Could not load locale pak for en-US
[0409/133414:ERROR:main_delegate.cc(571)] Could not load cef.pak
[0409/133414:ERROR:main_delegate.cc(588)] Could not load cef_100_percent.pak
[0409/133414:ERROR:renderer_main.cc(207)] Running without renderer sandbox
[0409/133422:WARNING:resource_bundle.cc(304)] locale_file_path.empty()
[0409/133422:ERROR:main_delegate.cc(564)] Could not load locale pak for en-US
[0409/133422:ERROR:main_delegate.cc(571)] Could not load cef.pak
[0409/133422:ERROR:main_delegate.cc(588)] Could not load cef_100_percent.pak
[0409/133422:WARNING:resource_bundle.cc(497)] locale resources are not loaded
[0409/133423:WARNING:resource_bundle.cc(304)] locale_file_path.empty()
[0409/133423:ERROR:main_delegate.cc(564)] Could not load locale pak for en-US
[0409/133423:ERROR:main_delegate.cc(571)] Could not load cef.pak
[0409/133423:ERROR:main_delegate.cc(588)] Could not load cef_100_percent.pak
[0409/133426:WARNING:resource_bundle.cc(304)] locale_file_path.empty()
[0409/133426:ERROR:main_delegate.cc(564)] Could not load locale pak for en-US
[0409/133426:ERROR:main_delegate.cc(571)] Could not load cef.pak
[0409/133426:ERROR:main_delegate.cc(588)] Could not load cef_100_percent.pak
[0409/133426:ERROR:renderer_main.cc(207)] Running without renderer sandbox
[0409/133909:WARNING:resource_bundle.cc(304)] locale_file_path.empty()
[0409/133909:ERROR:main_delegate.cc(564)] Could not load locale pak for en-US
[0409/133909:ERROR:main_delegate.cc(571)] Could not load cef.pak
[0409/133909:ERROR:main_delegate.cc(588)] Could not load cef_100_percent.pak
[0409/133909:WARNING:resource_bundle.cc(497)] locale resources are not loaded
[0409/133909:WARNING:resource_bundle.cc(304)] locale_file_path.empty()
[0409/133909:ERROR:main_delegate.cc(564)] Could not load locale pak for en-US
[0409/133909:ERROR:main_delegate.cc(571)] Could not load cef.pak
[0409/133909:ERROR:main_delegate.cc(588)] Could not load cef_100_percent.pak
[0409/133912:WARNING:resource_bundle.cc(304)] locale_file_path.empty()
[0409/133912:ERROR:main_delegate.cc(564)] Could not load locale pak for en-US
[0409/133912:ERROR:main_delegate.cc(571)] Could not load cef.pak
[0409/133912:ERROR:main_delegate.cc(588)] Could not load cef_100_percent.pak
[0409/133913:ERROR:renderer_main.cc(207)] Running without renderer sandbox
[0409/133918:WARNING:resource_bundle.cc(304)] locale_file_path.empty()
[0409/133918:ERROR:main_delegate.cc(564)] Could not load locale pak for en-US
[0409/133918:ERROR:main_delegate.cc(571)] Could not load cef.pak
[0409/133918:ERROR:main_delegate.cc(588)] Could not load cef_100_percent.pak
[0409/133918:WARNING:resource_bundle.cc(497)] locale resources are not loaded
[0409/133918:WARNING:resource_bundle.cc(304)] locale_file_path.empty()
[0409/133918:ERROR:main_delegate.cc(564)] Could not load locale pak for en-US
[0409/133918:ERROR:main_delegate.cc(571)] Could not load cef.pak
[0409/133918:ERROR:main_delegate.cc(588)] Could not load cef_100_percent.pak
[0409/133922:WARNING:resource_bundle.cc(304)] locale_file_path.empty()
[0409/133922:ERROR:main_delegate.cc(564)] Could not load locale pak for en-US
[0409/133922:ERROR:main_delegate.cc(571)] Could not load cef.pak
[0409/133922:ERROR:main_delegate.cc(588)] Could not load cef_100_percent.pak
[0409/133922:ERROR:renderer_main.cc(207)] Running without renderer sandbox
[0409/133942:WARNING:resource_bundle.cc(304)] locale_file_path.empty()
[0409/133942:ERROR:main_delegate.cc(564)] Could not load locale pak for en-US
[0409/133942:ERROR:main_delegate.cc(571)] Could not load cef.pak
[0409/133942:ERROR:main_delegate.cc(588)] Could not load cef_100_percent.pak
[0409/133942:WARNING:resource_bundle.cc(497)] locale resources are not loaded
[0409/133942:WARNING:resource_bundle.cc(304)] locale_file_path.empty()
[0409/133942:ERROR:main_delegate.cc(564)] Could not load locale pak for en-US
[0409/133942:ERROR:main_delegate.cc(571)] Could not load cef.pak
[0409/133942:ERROR:main_delegate.cc(588)] Could not load cef_100_percent.pak
[0409/133946:WARNING:resource_bundle.cc(304)] locale_file_path.empty()
[0409/133946:ERROR:main_delegate.cc(564)] Could not load locale pak for en-US
[0409/133946:ERROR:main_delegate.cc(571)] Could not load cef.pak
[0409/133946:ERROR:main_delegate.cc(588)] Could not load cef_100_percent.pak
[0409/133946:ERROR:renderer_main.cc(207)] Running without renderer sandbox
[0409/133954:WARNING:resource_bundle.cc(304)] locale_file_path.empty()
[0409/133954:ERROR:main_delegate.cc(564)] Could not load locale pak for en-US
[0409/133954:ERROR:main_delegate.cc(571)] Could not load cef.pak
[0409/133954:ERROR:main_delegate.cc(588)] Could not load cef_100_percent.pak
[0409/133954:WARNING:resource_bundle.cc(497)] locale resources are not loaded
[0409/133954:WARNING:resource_bundle.cc(304)] locale_file_path.empty()
[0409/133954:ERROR:main_delegate.cc(564)] Could not load locale pak for en-US
[0409/133954:ERROR:main_delegate.cc(571)] Could not load cef.pak
[0409/133954:ERROR:main_delegate.cc(588)] Could not load cef_100_percent.pak
[0409/133958:WARNING:resource_bundle.cc(304)] locale_file_path.empty()
[0409/133958:ERROR:main_delegate.cc(564)] Could not load locale pak for en-US
[0409/133958:ERROR:main_delegate.cc(571)] Could not load cef.pak
[0409/133958:ERROR:main_delegate.cc(588)] Could not load cef_100_percent.pak
[0409/133958:ERROR:renderer_main.cc(207)] Running without renderer sandbox
[0409/135245:WARNING:resource_bundle.cc(304)] locale_file_path.empty()
[0409/135245:ERROR:main_delegate.cc(564)] Could not load locale pak for en-US
[0409/135245:ERROR:main_delegate.cc(571)] Could not load cef.pak
[0409/135245:ERROR:main_delegate.cc(588)] Could not load cef_100_percent.pak
[0409/135245:WARNING:resource_bundle.cc(497)] locale resources are not loaded
[0409/135245:WARNING:resource_bundle.cc(304)] locale_file_path.empty()
[0409/135245:ERROR:main_delegate.cc(564)] Could not load locale pak for en-US
[0409/135245:ERROR:main_delegate.cc(571)] Could not load cef.pak
[0409/135245:ERROR:main_delegate.cc(588)] Could not load cef_100_percent.pak
[0409/135249:WARNING:resource_bundle.cc(304)] locale_file_path.empty()
[0409/135249:ERROR:main_delegate.cc(564)] Could not load locale pak for en-US
[0409/135249:ERROR:main_delegate.cc(571)] Could not load cef.pak
[0409/135249:ERROR:main_delegate.cc(588)] Could not load cef_100_percent.pak
[0409/135249:ERROR:renderer_main.cc(207)] Running without renderer sandbox
[0409/135312:WARNING:resource_bundle.cc(304)] locale_file_path.empty()
[0409/135312:ERROR:main_delegate.cc(564)] Could not load locale pak for en-US
[0409/135312:ERROR:main_delegate.cc(571)] Could not load cef.pak
[0409/135312:ERROR:main_delegate.cc(588)] Could not load cef_100_percent.pak
[0409/135312:WARNING:resource_bundle.cc(497)] locale resources are not loaded
[0409/135312:WARNING:resource_bundle.cc(304)] locale_file_path.empty()
[0409/135312:ERROR:main_delegate.cc(564)] Could not load locale pak for en-US
[0409/135312:ERROR:main_delegate.cc(571)] Could not load cef.pak
[0409/135312:ERROR:main_delegate.cc(588)] Could not load cef_100_percent.pak
[0409/135315:WARNING:resource_bundle.cc(304)] locale_file_path.empty()
[0409/135315:ERROR:main_delegate.cc(564)] Could not load locale pak for en-US
[0409/135315:ERROR:main_delegate.cc(571)] Could not load cef.pak
[0409/135315:ERROR:main_delegate.cc(588)] Could not load cef_100_percent.pak
[0409/135315:ERROR:renderer_main.cc(207)] Running without renderer sandbox
[0409/135354:WARNING:resource_bundle.cc(304)] locale_file_path.empty()
[0409/135354:ERROR:main_delegate.cc(564)] Could not load locale pak for en-US
[0409/135354:ERROR:main_delegate.cc(571)] Could not load cef.pak
[0409/135354:ERROR:main_delegate.cc(588)] Could not load cef_100_percent.pak
[0409/135354:WARNING:resource_bundle.cc(497)] locale resources are not loaded
[0409/135354:WARNING:resource_bundle.cc(304)] locale_file_path.empty()
[0409/135354:ERROR:main_delegate.cc(564)] Could not load locale pak for en-US
[0409/135354:ERROR:main_delegate.cc(571)] Could not load cef.pak
[0409/135354:ERROR:main_delegate.cc(588)] Could not load cef_100_percent.pak
[0409/135357:WARNING:resource_bundle.cc(304)] locale_file_path.empty()
[0409/135357:ERROR:main_delegate.cc(564)] Could not load locale pak for en-US
[0409/135357:ERROR:main_delegate.cc(571)] Could not load cef.pak
[0409/135357:ERROR:main_delegate.cc(588)] Could not load cef_100_percent.pak
[0409/135357:ERROR:renderer_main.cc(207)] Running without renderer sandbox
[0409/135406:WARNING:resource_bundle.cc(304)] locale_file_path.empty()
[0409/135406:ERROR:main_delegate.cc(564)] Could not load locale pak for en-US
[0409/135406:ERROR:main_delegate.cc(571)] Could not load cef.pak
[0409/135406:ERROR:main_delegate.cc(588)] Could not load cef_100_percent.pak
[0409/135406:WARNING:resource_bundle.cc(497)] locale resources are not loaded
[0409/135406:WARNING:resource_bundle.cc(304)] locale_file_path.empty()
[0409/135406:ERROR:main_delegate.cc(564)] Could not load locale pak for en-US
[0409/135406:ERROR:main_delegate.cc(571)] Could not load cef.pak
[0409/135406:ERROR:main_delegate.cc(588)] Could not load cef_100_percent.pak
[0409/135409:WARNING:resource_bundle.cc(304)] locale_file_path.empty()
[0409/135409:ERROR:main_delegate.cc(564)] Could not load locale pak for en-US
[0409/135409:ERROR:main_delegate.cc(571)] Could not load cef.pak
[0409/135409:ERROR:main_delegate.cc(588)] Could not load cef_100_percent.pak
[0409/135409:ERROR:renderer_main.cc(207)] Running without renderer sandbox
[0409/135414:WARNING:resource_bundle.cc(304)] locale_file_path.empty()
[0409/135414:ERROR:main_delegate.cc(564)] Could not load locale pak for en-US
[0409/135414:ERROR:main_delegate.cc(571)] Could not load cef.pak
[0409/135414:ERROR:main_delegate.cc(588)] Could not load cef_100_percent.pak
[0409/135414:WARNING:resource_bundle.cc(497)] locale resources are not loaded
[0409/135414:WARNING:resource_bundle.cc(304)] locale_file_path.empty()
[0409/135414:ERROR:main_delegate.cc(564)] Could not load locale pak for en-US
[0409/135414:ERROR:main_delegate.cc(571)] Could not load cef.pak
[0409/135414:ERROR:main_delegate.cc(588)] Could not load cef_100_percent.pak
[0409/135417:WARNING:resource_bundle.cc(304)] locale_file_path.empty()
[0409/135417:ERROR:main_delegate.cc(564)] Could not load locale pak for en-US
[0409/135417:ERROR:main_delegate.cc(571)] Could not load cef.pak
[0409/135417:ERROR:main_delegate.cc(588)] Could not load cef_100_percent.pak
[0409/135417:ERROR:renderer_main.cc(207)] Running without renderer sandbox
[0409/140823:WARNING:resource_bundle.cc(304)] locale_file_path.empty()
[0409/140823:ERROR:main_delegate.cc(564)] Could not load locale pak for en-US
[0409/140823:ERROR:main_delegate.cc(571)] Could not load cef.pak
[0409/140823:ERROR:main_delegate.cc(588)] Could not load cef_100_percent.pak
[0409/140823:WARNING:resource_bundle.cc(497)] locale resources are not loaded
[0409/140824:WARNING:resource_bundle.cc(304)] locale_file_path.empty()
[0409/140824:ERROR:main_delegate.cc(564)] Could not load locale pak for en-US
[0409/140824:ERROR:main_delegate.cc(571)] Could not load cef.pak
[0409/140824:ERROR:main_delegate.cc(588)] Could not load cef_100_percent.pak
[0409/140825:WARNING:resource_bundle.cc(304)] locale_file_path.empty()
[0409/140825:ERROR:main_delegate.cc(564)] Could not load locale pak for en-US
[0409/140825:ERROR:main_delegate.cc(571)] Could not load cef.pak
[0409/140825:ERROR:main_delegate.cc(588)] Could not load cef_100_percent.pak
[0409/140825:WARNING:resource_bundle.cc(497)] locale resources are not loaded
[0409/140826:WARNING:resource_bundle.cc(304)] locale_file_path.empty()
[0409/140826:ERROR:main_delegate.cc(564)] Could not load locale pak for en-US
[0409/140826:ERROR:main_delegate.cc(571)] Could not load cef.pak
[0409/140826:ERROR:main_delegate.cc(588)] Could not load cef_100_percent.pak
[0409/140830:WARNING:resource_bundle.cc(304)] locale_file_path.empty()
[0409/140830:ERROR:main_delegate.cc(564)] Could not load locale pak for en-US
[0409/140830:ERROR:main_delegate.cc(571)] Could not load cef.pak
[0409/140830:ERROR:main_delegate.cc(588)] Could not load cef_100_percent.pak
[0409/140830:ERROR:renderer_main.cc(207)] Running without renderer sandbox
[0409/140831:WARNING:resource_bundle.cc(304)] locale_file_path.empty()
[0409/140831:ERROR:main_delegate.cc(564)] Could not load locale pak for en-US
[0409/140831:ERROR:main_delegate.cc(571)] Could not load cef.pak
[0409/140831:ERROR:main_delegate.cc(588)] Could not load cef_100_percent.pak
[0409/140831:ERROR:renderer_main.cc(207)] Running without renderer sandbox
[0409/140855:WARNING:resource_bundle.cc(304)] locale_file_path.empty()
[0409/140855:ERROR:main_delegate.cc(564)] Could not load locale pak for en-US
[0409/140855:ERROR:main_delegate.cc(571)] Could not load cef.pak
[0409/140855:ERROR:main_delegate.cc(588)] Could not load cef_100_percent.pak
[0409/140855:WARNING:resource_bundle.cc(497)] locale resources are not loaded
[0409/140855:WARNING:resource_bundle.cc(304)] locale_file_path.empty()
[0409/140855:ERROR:main_delegate.cc(564)] Could not load locale pak for en-US
[0409/140855:ERROR:main_delegate.cc(571)] Could not load cef.pak
[0409/140855:ERROR:main_delegate.cc(588)] Could not load cef_100_percent.pak
[0409/140857:WARNING:resource_bundle.cc(304)] locale_file_path.empty()
[0409/140857:ERROR:main_delegate.cc(564)] Could not load locale pak for en-US
[0409/140857:ERROR:main_delegate.cc(571)] Could not load cef.pak
[0409/140857:ERROR:main_delegate.cc(588)] Could not load cef_100_percent.pak
[0409/140857:WARNING:resource_bundle.cc(497)] locale resources are not loaded
[0409/140857:WARNING:resource_bundle.cc(304)] locale_file_path.empty()
[0409/140857:ERROR:main_delegate.cc(564)] Could not load locale pak for en-US
[0409/140857:ERROR:main_delegate.cc(571)] Could not load cef.pak
[0409/140857:ERROR:main_delegate.cc(588)] Could not load cef_100_percent.pak
[0409/140900:WARNING:resource_bundle.cc(304)] locale_file_path.empty()
[0409/140900:ERROR:main_delegate.cc(564)] Could not load locale pak for en-US
[0409/140900:ERROR:main_delegate.cc(571)] Could not load cef.pak
[0409/140900:ERROR:main_delegate.cc(588)] Could not load cef_100_percent.pak
[0409/140900:ERROR:renderer_main.cc(207)] Running without renderer sandbox
[0409/140909:WARNING:resource_bundle.cc(304)] locale_file_path.empty()
[0409/140909:ERROR:main_delegate.cc(564)] Could not load locale pak for en-US
[0409/140909:ERROR:main_delegate.cc(571)] Could not load cef.pak
[0409/140909:ERROR:main_delegate.cc(588)] Could not load cef_100_percent.pak
[0409/140909:WARNING:resource_bundle.cc(497)] locale resources are not loaded
[0409/140909:WARNING:resource_bundle.cc(304)] locale_file_path.empty()
[0409/140909:ERROR:main_delegate.cc(564)] Could not load locale pak for en-US
[0409/140909:ERROR:main_delegate.cc(571)] Could not load cef.pak
[0409/140909:ERROR:main_delegate.cc(588)] Could not load cef_100_percent.pak
[0409/140909:WARNING:resource_bundle.cc(304)] locale_file_path.empty()
[0409/140909:ERROR:main_delegate.cc(564)] Could not load locale pak for en-US
[0409/140909:ERROR:main_delegate.cc(571)] Could not load cef.pak
[0409/140909:ERROR:main_delegate.cc(588)] Could not load cef_100_percent.pak
[0409/140910:WARNING:resource_bundle.cc(497)] locale resources are not loaded
[0409/140910:WARNING:resource_bundle.cc(304)] locale_file_path.empty()
[0409/140910:ERROR:main_delegate.cc(564)] Could not load locale pak for en-US
[0409/140910:ERROR:main_delegate.cc(571)] Could not load cef.pak
[0409/140910:ERROR:main_delegate.cc(588)] Could not load cef_100_percent.pak
[0409/140910:WARNING:resource_bundle.cc(497)] locale resources are not loaded
[0409/140910:WARNING:resource_bundle.cc(304)] locale_file_path.empty()
[0409/140910:ERROR:main_delegate.cc(564)] Could not load locale pak for en-US
[0409/140910:ERROR:main_delegate.cc(571)] Could not load cef.pak
[0409/140910:ERROR:main_delegate.cc(588)] Could not load cef_100_percent.pak
[0409/140910:WARNING:resource_bundle.cc(304)] locale_file_path.empty()
[0409/140910:ERROR:main_delegate.cc(564)] Could not load locale pak for en-US
[0409/140910:ERROR:main_delegate.cc(571)] Could not load cef.pak
[0409/140910:ERROR:main_delegate.cc(588)] Could not load cef_100_percent.pak
[0409/140913:WARNING:resource_bundle.cc(304)] locale_file_path.empty()
[0409/140913:ERROR:main_delegate.cc(564)] Could not load locale pak for en-US
[0409/140913:ERROR:main_delegate.cc(571)] Could not load cef.pak
[0409/140913:ERROR:main_delegate.cc(588)] Could not load cef_100_percent.pak
[0409/140913:WARNING:resource_bundle.cc(497)] locale resources are not loaded
[0409/140913:WARNING:resource_bundle.cc(304)] locale_file_path.empty()
[0409/140913:ERROR:main_delegate.cc(564)] Could not load locale pak for en-US
[0409/140913:ERROR:main_delegate.cc(571)] Could not load cef.pak
[0409/140913:ERROR:main_delegate.cc(588)] Could not load cef_100_percent.pak
[0409/140920:WARNING:resource_bundle.cc(304)] locale_file_path.empty()
[0409/140920:ERROR:main_delegate.cc(564)] Could not load locale pak for en-US
[0409/140920:ERROR:main_delegate.cc(571)] Could not load cef.pak
[0409/140920:ERROR:main_delegate.cc(588)] Could not load cef_100_percent.pak
[0409/140920:ERROR:renderer_main.cc(207)] Running without renderer sandbox
[0409/140920:WARNING:resource_bundle.cc(304)] locale_file_path.empty()
[0409/140920:ERROR:main_delegate.cc(564)] Could not load locale pak for en-US
[0409/140920:ERROR:main_delegate.cc(571)] Could not load cef.pak
[0409/140920:ERROR:main_delegate.cc(588)] Could not load cef_100_percent.pak
[0409/140921:ERROR:renderer_main.cc(207)] Running without renderer sandbox
[0409/140921:WARNING:resource_bundle.cc(304)] locale_file_path.empty()
[0409/140921:ERROR:main_delegate.cc(564)] Could not load locale pak for en-US
[0409/140921:ERROR:main_delegate.cc(571)] Could not load cef.pak
[0409/140921:ERROR:main_delegate.cc(588)] Could not load cef_100_percent.pak
[0409/140921:ERROR:renderer_main.cc(207)] Running without renderer sandbox
[0409/140922:WARNING:resource_bundle.cc(304)] locale_file_path.empty()
[0409/140922:ERROR:main_delegate.cc(564)] Could not load locale pak for en-US
[0409/140922:ERROR:main_delegate.cc(571)] Could not load cef.pak
[0409/140922:ERROR:main_delegate.cc(588)] Could not load cef_100_percent.pak
[0409/140922:ERROR:renderer_main.cc(207)] Running without renderer sandbox
[0409/140922:WARNING:resource_bundle.cc(304)] locale_file_path.empty()
[0409/140922:ERROR:main_delegate.cc(564)] Could not load locale pak for en-US
[0409/140922:ERROR:main_delegate.cc(571)] Could not load cef.pak
[0409/140922:ERROR:main_delegate.cc(588)] Could not load cef_100_percent.pak
[0409/140922:WARNING:resource_bundle.cc(497)] locale resources are not loaded
[0409/140923:WARNING:resource_bundle.cc(304)] locale_file_path.empty()
[0409/140923:ERROR:main_delegate.cc(564)] Could not load locale pak for en-US
[0409/140923:ERROR:main_delegate.cc(571)] Could not load cef.pak
[0409/140923:ERROR:main_delegate.cc(588)] Could not load cef_100_percent.pak
[0409/140932:WARNING:resource_bundle.cc(304)] locale_file_path.empty()
[0409/140932:ERROR:main_delegate.cc(564)] Could not load locale pak for en-US
[0409/140932:ERROR:main_delegate.cc(571)] Could not load cef.pak
[0409/140932:ERROR:main_delegate.cc(588)] Could not load cef_100_percent.pak
[0409/140933:ERROR:renderer_main.cc(207)] Running without renderer sandbox
